<?xml version="1.0" encoding="UTF-8"?>
<!-- Generated by org.testng.reporters.JUnitXMLReporter -->
<testsuite ignored="0" hostname="DESKTOP-S11MJ0H" failures="0" tests="3" name="Submit Order Test" time="130.892" errors="0" timestamp="2024-02-23T02:28:26 IST">
  <testcase classname="adityaRathi.tests.SubmitOrderTest" name="submitOrder" time="20.779"/>
  <testcase classname="adityaRathi.tests.SubmitOrderTest" name="submitOrder" time="19.544"/>
  <testcase classname="adityaRathi.tests.SubmitOrderTest" name="orderHistoryTest" time="1.168"/>
</testsuite> <!-- Submit Order Test -->
